Compilazione avviata 03/01/2016 17:59:17.
     1>Progetto "C:\Users\Istin\Documents\Foundation of Computer Graphics\HW05\out (5)\pathtrace.vcxproj" sul nodo 2 (destinazioni: Build).
     1>ClCompile:
         C:\Program Files (x86)\Microsoft Visual Studio 12.0\VC\bin\CL.exe /c /Zi /nologo /W3 /WX- /O2 /Oi /Oy- /GL /D WIN32 /D NDEBUG /D _CONSOLE /D _LIB /D _UNICODE /D UNICODE /Gm- /EHsc /MD /GS /Gy /fp:precise /Za /Zc:wchar_t /Zc:forScope /Fo"build\Release\\" /Fd"build\Release\vc120.pdb" /Gd /TP /analyze- /errorReport:prompt src\pathtrace.cpp
         pathtrace.cpp
     1>c:\users\istin\documents\foundation of computer graphics\hw05\out (5)\src\common.h(29): warning C4996: 'vsprintf': This function or variable may be unsafe. Consider using vsprintf_s instead. To disable deprecation, use _CRT_SECURE_NO_WARNINGS. See online help for details.
                 C:\Program Files (x86)\Microsoft Visual Studio 12.0\VC\include\stdio.h(356): vedere la dichiarazione di 'vsprintf'
     1>c:\users\istin\documents\foundation of computer graphics\hw05\out (5)\src\common.h(59): warning C4996: 'fopen': This function or variable may be unsafe. Consider using fopen_s instead. To disable deprecation, use _CRT_SECURE_NO_WARNINGS. See online help for details.
                 C:\Program Files (x86)\Microsoft Visual Studio 12.0\VC\include\stdio.h(211): vedere la dichiarazione di 'fopen'
     1>c:\users\istin\documents\foundation of computer graphics\hw05\out (5)\src\common.h(60): warning C4800: 'FILE *': imposto valore booleano 'true' o 'false' (avviso di prestazioni)
     1>c:\users\istin\documents\foundation of computer graphics\hw05\out (5)\src\scene.h(159): warning C4305: 'argomento': troncamento da 'double' a 'float'
     1>c:\users\istin\documents\foundation of computer graphics\hw05\out (5)\src\scene.h(161): warning C4305: 'argomento': troncamento da 'double' a 'float'
     1>c:\users\istin\documents\foundation of computer graphics\hw05\out (5)\src\montecarlo.h(62): warning C4244: 'argomento': conversione da 'double' a 'float'. Possibile perdita di dati.
     1>c:\users\istin\documents\foundation of computer graphics\hw05\out (5)\src\montecarlo.h(67): warning C4244: 'return': conversione da 'const double' a 'float'. Possibile perdita di dati.
     1>c:\users\istin\documents\foundation of computer graphics\hw05\out (5)\src\montecarlo.h(75): warning C4244: 'argomento': conversione da 'double' a 'float'. Possibile perdita di dati.
     1>c:\users\istin\documents\foundation of computer graphics\hw05\out (5)\src\montecarlo.h(80): warning C4244: 'return': conversione da 'const double' a 'float'. Possibile perdita di dati.
     1>c:\users\istin\documents\foundation of computer graphics\hw05\out (5)\src\montecarlo.h(88): warning C4244: 'argomento': conversione da 'double' a 'float'. Possibile perdita di dati.
     1>c:\users\istin\documents\foundation of computer graphics\hw05\out (5)\src\montecarlo.h(93): warning C4244: 'return': conversione da 'const double' a 'float'. Possibile perdita di dati.
     1>c:\users\istin\documents\foundation of computer graphics\hw05\out (5)\src\montecarlo.h(101): warning C4244: 'argomento': conversione da 'double' a 'float'. Possibile perdita di dati.
     1>c:\users\istin\documents\foundation of computer graphics\hw05\out (5)\src\montecarlo.h(106): warning C4244: 'return': conversione da 'const double' a 'float'. Possibile perdita di dati.
     1>src\pathtrace.cpp(181): warning C4244: 'argomento': conversione da 'int' a 'float'. Possibile perdita di dati.
     1>src\pathtrace.cpp(231): warning C4244: '=': conversione da 'float' a 'int'. Possibile perdita di dati.
       Link:
         C:\Program Files (x86)\Microsoft Visual Studio 12.0\VC\bin\link.exe /ERRORREPORT:PROMPT /OUT:"bin\Release\pathtrace.exe" /INCREMENTAL:NO /NOLOGO kernel32.lib user32.lib gdi32.lib winspool.lib comdlg32.lib advapi32.lib shell32.lib ole32.lib oleaut32.lib uuid.lib odbc32.lib odbccp32.lib /MANIFEST /MANIFESTUAC:"level='asInvoker' uiAccess='false'" /manifest:embed /DEBUG /PDB:"bin\Release\pathtrace.pdb" /SUBSYSTEM:CONSOLE /OPT:REF /OPT:ICF /LTCG /TLBID:1 /DYNAMICBASE /NXCOMPAT /IMPLIB:"bin\Release\pathtrace.lib" /MACHINE:X86 /SAFESEH build\Release\image.obj
         build\Release\intersect.obj
         build\Release\json.obj
         build\Release\lodepng.obj
         build\Release\pathtrace.obj
         build\Release\scene.obj
         build\Release\tesselation.obj
         Generazione codice in corso...
         Generazione codice terminata
         pathtrace.vcxproj -> C:\Users\Istin\Documents\Foundation of Computer Graphics\HW05\out (5)\bin\Release\pathtrace.exe
     1>Compilazione progetto "C:\Users\Istin\Documents\Foundation of Computer Graphics\HW05\out (5)\pathtrace.vcxproj" (destinazioni: Build) completata.

Compilazione completata.

Tempo trascorso 00:00:06.17
